{"/home/gustaf/git/dbwebb-kurser/pattern/admin-app/src/App.js": {"path":"/home/gustaf/git/dbwebb-kurser/pattern/admin-app/src/App.js","statementMap":{"0":{"start":{"line":15,"column":2},"end":{"line":30,"column":4}}},"fnMap":{"0":{"name":"App","decl":{"start":{"line":14,"column":9},"end":{"line":14,"column":12}},"loc":{"start":{"line":14,"column":15},"end":{"line":31,"column":1}},"line":14}},"branchMap":{},"s":{"0":0},"f":{"0":0},"b":{},"hash":"2475c39bab736a3c8dea520e6e0996cc2fc90842"}
,"/home/gustaf/git/dbwebb-kurser/pattern/admin-app/src/index.js": {"path":"/home/gustaf/git/dbwebb-kurser/pattern/admin-app/src/index.js","statementMap":{"0":{"start":{"line":7,"column":0},"end":{"line":12,"column":2}},"1":{"start":{"line":17,"column":0},"end":{"line":17,"column":18}}},"fnMap":{},"branchMap":{},"s":{"0":0,"1":0},"f":{},"b":{},"hash":"981eaedc88a2a6c10048c77f70c6aa55d23a540d"}
,"/home/gustaf/git/dbwebb-kurser/pattern/admin-app/src/reportWebVitals.js": {"path":"/home/gustaf/git/dbwebb-kurser/pattern/admin-app/src/reportWebVitals.js","statementMap":{"0":{"start":{"line":1,"column":24},"end":{"line":11,"column":1}},"1":{"start":{"line":2,"column":2},"end":{"line":10,"column":3}},"2":{"start":{"line":3,"column":4},"end":{"line":9,"column":7}},"3":{"start":{"line":4,"column":6},"end":{"line":4,"column":26}},"4":{"start":{"line":5,"column":6},"end":{"line":5,"column":26}},"5":{"start":{"line":6,"column":6},"end":{"line":6,"column":26}},"6":{"start":{"line":7,"column":6},"end":{"line":7,"column":26}},"7":{"start":{"line":8,"column":6},"end":{"line":8,"column":27}}},"fnMap":{"0":{"name":"(anonymous_0)","decl":{"start":{"line":1,"column":24},"end":{"line":1,"column":25}},"loc":{"start":{"line":1,"column":39},"end":{"line":11,"column":1}},"line":1},"1":{"name":"(anonymous_1)","decl":{"start":{"line":3,"column":30},"end":{"line":3,"column":31}},"loc":{"start":{"line":3,"column":79},"end":{"line":9,"column":5}},"line":3}},"branchMap":{"0":{"loc":{"start":{"line":2,"column":2},"end":{"line":10,"column":3}},"type":"if","locations":[{"start":{"line":2,"column":2},"end":{"line":10,"column":3}},{"start":{"line":2,"column":2},"end":{"line":10,"column":3}}],"line":2},"1":{"loc":{"start":{"line":2,"column":6},"end":{"line":2,"column":52}},"type":"binary-expr","locations":[{"start":{"line":2,"column":6},"end":{"line":2,"column":17}},{"start":{"line":2,"column":21},"end":{"line":2,"column":52}}],"line":2}},"s":{"0":0,"1":0,"2":0,"3":0,"4":0,"5":0,"6":0,"7":0},"f":{"0":0,"1":0},"b":{"0":[0,0],"1":[0,0]},"hash":"9e364be910819dd1b5c86b86ab5ad77afc25c9ec"}
,"/home/gustaf/git/dbwebb-kurser/pattern/admin-app/src/test/mochApi.js": {"path":"/home/gustaf/git/dbwebb-kurser/pattern/admin-app/src/test/mochApi.js","statementMap":{"0":{"start":{"line":1,"column":26},"end":{"line":49,"column":1}},"1":{"start":{"line":2,"column":18},"end":{"line":7,"column":5}},"2":{"start":{"line":9,"column":4},"end":{"line":11,"column":5}},"3":{"start":{"line":10,"column":8},"end":{"line":10,"column":28}},"4":{"start":{"line":13,"column":4},"end":{"line":15,"column":5}},"5":{"start":{"line":14,"column":8},"end":{"line":14,"column":31}},"6":{"start":{"line":17,"column":4},"end":{"line":48,"column":5}},"7":{"start":{"line":18,"column":8},"end":{"line":38,"column":9}},"8":{"start":{"line":19,"column":12},"end":{"line":27,"column":13}},"9":{"start":{"line":29,"column":12},"end":{"line":36,"column":13}},"10":{"start":{"line":40,"column":8},"end":{"line":47,"column":9}},"11":{"start":{"line":51,"column":24},"end":{"line":92,"column":1}},"12":{"start":{"line":52,"column":21},"end":{"line":88,"column":5}},"13":{"start":{"line":89,"column":4},"end":{"line":91,"column":5}},"14":{"start":{"line":90,"column":8},"end":{"line":90,"column":24}},"15":{"start":{"line":94,"column":30},"end":{"line":134,"column":1}},"16":{"start":{"line":95,"column":21},"end":{"line":131,"column":5}},"17":{"start":{"line":133,"column":4},"end":{"line":133,"column":68}},"18":{"start":{"line":133,"column":44},"end":{"line":133,"column":66}}},"fnMap":{"0":{"name":"(anonymous_0)","decl":{"start":{"line":1,"column":26},"end":{"line":1,"column":27}},"loc":{"start":{"line":1,"column":36},"end":{"line":49,"column":1}},"line":1},"1":{"name":"(anonymous_1)","decl":{"start":{"line":51,"column":24},"end":{"line":51,"column":25}},"loc":{"start":{"line":51,"column":35},"end":{"line":92,"column":1}},"line":51},"2":{"name":"(anonymous_2)","decl":{"start":{"line":94,"column":30},"end":{"line":94,"column":31}},"loc":{"start":{"line":94,"column":38},"end":{"line":134,"column":1}},"line":94},"3":{"name":"(anonymous_3)","decl":{"start":{"line":133,"column":32},"end":{"line":133,"column":33}},"loc":{"start":{"line":133,"column":43},"end":{"line":133,"column":67}},"line":133}},"branchMap":{"0":{"loc":{"start":{"line":9,"column":4},"end":{"line":11,"column":5}},"type":"if","locations":[{"start":{"line":9,"column":4},"end":{"line":11,"column":5}},{"start":{"line":9,"column":4},"end":{"line":11,"column":5}}],"line":9},"1":{"loc":{"start":{"line":13,"column":4},"end":{"line":15,"column":5}},"type":"if","locations":[{"start":{"line":13,"column":4},"end":{"line":15,"column":5}},{"start":{"line":13,"column":4},"end":{"line":15,"column":5}}],"line":13},"2":{"loc":{"start":{"line":17,"column":4},"end":{"line":48,"column":5}},"type":"if","locations":[{"start":{"line":17,"column":4},"end":{"line":48,"column":5}},{"start":{"line":17,"column":4},"end":{"line":48,"column":5}}],"line":17},"3":{"loc":{"start":{"line":18,"column":8},"end":{"line":38,"column":9}},"type":"if","locations":[{"start":{"line":18,"column":8},"end":{"line":38,"column":9}},{"start":{"line":18,"column":8},"end":{"line":38,"column":9}}],"line":18},"4":{"loc":{"start":{"line":89,"column":4},"end":{"line":91,"column":5}},"type":"if","locations":[{"start":{"line":89,"column":4},"end":{"line":91,"column":5}},{"start":{"line":89,"column":4},"end":{"line":91,"column":5}}],"line":89}},"s":{"0":1,"1":2,"2":2,"3":0,"4":2,"5":0,"6":2,"7":1,"8":1,"9":0,"10":1,"11":1,"12":5,"13":5,"14":5,"15":1,"16":1,"17":1,"18":3},"f":{"0":2,"1":5,"2":1,"3":3},"b":{"0":[0,2],"1":[0,2],"2":[1,1],"3":[1,0],"4":[5,0]},"_coverageSchema":"43e27e138ebf9cfc5966b082cf9a028302ed4184","hash":"b9c562e4dc3dd2c47e925f672a0e124a6598c2f8"}
,"/home/gustaf/git/dbwebb-kurser/pattern/admin-app/src/view/login.js": {"path":"/home/gustaf/git/dbwebb-kurser/pattern/admin-app/src/view/login.js","statementMap":{"0":{"start":{"line":17,"column":15},"end":{"line":17,"column":38}},"1":{"start":{"line":18,"column":15},"end":{"line":18,"column":53}},"2":{"start":{"line":20,"column":14},"end":{"line":20,"column":27}},"3":{"start":{"line":23,"column":36},"end":{"line":23,"column":50}},"4":{"start":{"line":24,"column":30},"end":{"line":24,"column":42}},"5":{"start":{"line":25,"column":36},"end":{"line":25,"column":48}},"6":{"start":{"line":26,"column":20},"end":{"line":26,"column":32}},"7":{"start":{"line":28,"column":23},"end":{"line":39,"column":5}},"8":{"start":{"line":29,"column":6},"end":{"line":29,"column":29}},"9":{"start":{"line":30,"column":16},"end":{"line":33,"column":8}},"10":{"start":{"line":34,"column":6},"end":{"line":38,"column":7}},"11":{"start":{"line":35,"column":8},"end":{"line":35,"column":28}},"12":{"start":{"line":37,"column":8},"end":{"line":37,"column":56}},"13":{"start":{"line":41,"column":25},"end":{"line":54,"column":3}},"14":{"start":{"line":42,"column":4},"end":{"line":42,"column":27}},"15":{"start":{"line":44,"column":4},"end":{"line":53,"column":6}},"16":{"start":{"line":48,"column":8},"end":{"line":48,"column":66}},"17":{"start":{"line":49,"column":8},"end":{"line":49,"column":64}},"18":{"start":{"line":50,"column":8},"end":{"line":50,"column":35}},"19":{"start":{"line":52,"column":8},"end":{"line":52,"column":56}},"20":{"start":{"line":55,"column":2},"end":{"line":125,"column":3}},"21":{"start":{"line":56,"column":6},"end":{"line":56,"column":41}},"22":{"start":{"line":58,"column":4},"end":{"line":124,"column":8}},"23":{"start":{"line":89,"column":35},"end":{"line":89,"column":59}},"24":{"start":{"line":101,"column":35},"end":{"line":101,"column":62}}},"fnMap":{"0":{"name":"SignIn","decl":{"start":{"line":22,"column":24},"end":{"line":22,"column":30}},"loc":{"start":{"line":22,"column":47},"end":{"line":126,"column":1}},"line":22},"1":{"name":"(anonymous_1)","decl":{"start":{"line":28,"column":23},"end":{"line":28,"column":24}},"loc":{"start":{"line":28,"column":40},"end":{"line":39,"column":5}},"line":28},"2":{"name":"(anonymous_2)","decl":{"start":{"line":41,"column":25},"end":{"line":41,"column":26}},"loc":{"start":{"line":41,"column":36},"end":{"line":54,"column":3}},"line":41},"3":{"name":"(anonymous_3)","decl":{"start":{"line":47,"column":12},"end":{"line":47,"column":13}},"loc":{"start":{"line":47,"column":26},"end":{"line":51,"column":5}},"line":47},"4":{"name":"(anonymous_4)","decl":{"start":{"line":51,"column":13},"end":{"line":51,"column":14}},"loc":{"start":{"line":51,"column":19},"end":{"line":53,"column":5}},"line":51},"5":{"name":"(anonymous_5)","decl":{"start":{"line":89,"column":28},"end":{"line":89,"column":29}},"loc":{"start":{"line":89,"column":35},"end":{"line":89,"column":59}},"line":89},"6":{"name":"(anonymous_6)","decl":{"start":{"line":101,"column":28},"end":{"line":101,"column":29}},"loc":{"start":{"line":101,"column":35},"end":{"line":101,"column":62}},"line":101}},"branchMap":{"0":{"loc":{"start":{"line":22,"column":32},"end":{"line":22,"column":44}},"type":"default-arg","locations":[{"start":{"line":22,"column":39},"end":{"line":22,"column":44}}],"line":22},"1":{"loc":{"start":{"line":35,"column":8},"end":{"line":35,"column":28}},"type":"if","locations":[{"start":{"line":35,"column":8},"end":{"line":35,"column":28}},{"start":{"line":35,"column":8},"end":{"line":35,"column":28}}],"line":35},"2":{"loc":{"start":{"line":55,"column":2},"end":{"line":125,"column":3}},"type":"if","locations":[{"start":{"line":55,"column":2},"end":{"line":125,"column":3}},{"start":{"line":55,"column":2},"end":{"line":125,"column":3}}],"line":55},"3":{"loc":{"start":{"line":79,"column":46},"end":{"line":79,"column":79}},"type":"cond-expr","locations":[{"start":{"line":79,"column":54},"end":{"line":79,"column":66}},{"start":{"line":79,"column":69},"end":{"line":79,"column":79}}],"line":79}},"s":{"0":1,"1":1,"2":1,"3":5,"4":5,"5":5,"6":5,"7":5,"8":2,"9":2,"10":2,"11":2,"12":1,"13":5,"14":0,"15":0,"16":0,"17":0,"18":0,"19":0,"20":5,"21":0,"22":5,"23":2,"24":2},"f":{"0":5,"1":2,"2":0,"3":0,"4":0,"5":2,"6":2},"b":{"0":[0],"1":[1,0],"2":[0,5],"3":[0,5]},"_coverageSchema":"43e27e138ebf9cfc5966b082cf9a028302ed4184","hash":"c9d5bd25c3bc95a17346d50aff8887405904f01b"}
,"/home/gustaf/git/dbwebb-kurser/pattern/admin-app/src/view/admin/Dashboard.js": {"path":"/home/gustaf/git/dbwebb-kurser/pattern/admin-app/src/view/admin/Dashboard.js","statementMap":{"0":{"start":{"line":23,"column":20},"end":{"line":23,"column":23}},"1":{"start":{"line":25,"column":15},"end":{"line":41,"column":3}},"2":{"start":{"line":26,"column":31},"end":{"line":26,"column":46}},"3":{"start":{"line":27,"column":25},"end":{"line":41,"column":1}},"4":{"start":{"line":43,"column":15},"end":{"line":67,"column":1}},"5":{"start":{"line":43,"column":64},"end":{"line":43,"column":79}},"6":{"start":{"line":44,"column":24},"end":{"line":66,"column":3}},"7":{"start":{"line":69,"column":16},"end":{"line":69,"column":29}},"8":{"start":{"line":72,"column":26},"end":{"line":72,"column":46}},"9":{"start":{"line":73,"column":18},"end":{"line":73,"column":30}},"10":{"start":{"line":74,"column":23},"end":{"line":76,"column":3}},"11":{"start":{"line":75,"column":4},"end":{"line":75,"column":19}},"12":{"start":{"line":77,"column":2},"end":{"line":160,"column":5}},"13":{"start":{"line":78,"column":4},"end":{"line":157,"column":6}},"14":{"start":{"line":111,"column":16},"end":{"line":111,"column":39}},"15":{"start":{"line":112,"column":16},"end":{"line":112,"column":34}},"16":{"start":{"line":138,"column":16},"end":{"line":140,"column":43}},"17":{"start":{"line":159,"column":8},"end":{"line":159,"column":33}},"18":{"start":{"line":164,"column":2},"end":{"line":195,"column":4}},"19":{"start":{"line":199,"column":2},"end":{"line":199,"column":59}}},"fnMap":{"0":{"name":"(anonymous_0)","decl":{"start":{"line":26,"column":21},"end":{"line":26,"column":22}},"loc":{"start":{"line":26,"column":31},"end":{"line":26,"column":46}},"line":26},"1":{"name":"(anonymous_1)","decl":{"start":{"line":27,"column":3},"end":{"line":27,"column":4}},"loc":{"start":{"line":27,"column":25},"end":{"line":41,"column":1}},"line":27},"2":{"name":"(anonymous_2)","decl":{"start":{"line":43,"column":54},"end":{"line":43,"column":55}},"loc":{"start":{"line":43,"column":64},"end":{"line":43,"column":79}},"line":43},"3":{"name":"(anonymous_3)","decl":{"start":{"line":44,"column":2},"end":{"line":44,"column":3}},"loc":{"start":{"line":44,"column":24},"end":{"line":66,"column":3}},"line":44},"4":{"name":"DashboardTemplate","decl":{"start":{"line":71,"column":16},"end":{"line":71,"column":33}},"loc":{"start":{"line":71,"column":58},"end":{"line":161,"column":1}},"line":71},"5":{"name":"(anonymous_5)","decl":{"start":{"line":74,"column":23},"end":{"line":74,"column":24}},"loc":{"start":{"line":74,"column":29},"end":{"line":76,"column":3}},"line":74},"6":{"name":"(anonymous_6)","decl":{"start":{"line":110,"column":47},"end":{"line":110,"column":48}},"loc":{"start":{"line":110,"column":53},"end":{"line":113,"column":17}},"line":110},"7":{"name":"(anonymous_7)","decl":{"start":{"line":137,"column":31},"end":{"line":137,"column":32}},"loc":{"start":{"line":138,"column":16},"end":{"line":140,"column":43}},"line":138},"8":{"name":"DashboardContent","decl":{"start":{"line":163,"column":9},"end":{"line":163,"column":25}},"loc":{"start":{"line":163,"column":28},"end":{"line":196,"column":1}},"line":163},"9":{"name":"Dashboard","decl":{"start":{"line":198,"column":24},"end":{"line":198,"column":33}},"loc":{"start":{"line":198,"column":36},"end":{"line":200,"column":1}},"line":198}},"branchMap":{"0":{"loc":{"start":{"line":33,"column":6},"end":{"line":40,"column":3}},"type":"binary-expr","locations":[{"start":{"line":33,"column":6},"end":{"line":33,"column":10}},{"start":{"line":33,"column":14},"end":{"line":40,"column":3}}],"line":33},"1":{"loc":{"start":{"line":54,"column":10},"end":{"line":64,"column":7}},"type":"binary-expr","locations":[{"start":{"line":54,"column":10},"end":{"line":54,"column":15}},{"start":{"line":54,"column":19},"end":{"line":64,"column":7}}],"line":54},"2":{"loc":{"start":{"line":77,"column":2},"end":{"line":160,"column":5}},"type":"if","locations":[{"start":{"line":77,"column":2},"end":{"line":160,"column":5}},{"start":{"line":77,"column":2},"end":{"line":160,"column":5}}],"line":77},"3":{"loc":{"start":{"line":95,"column":22},"end":{"line":95,"column":49}},"type":"binary-expr","locations":[{"start":{"line":95,"column":22},"end":{"line":95,"column":26}},{"start":{"line":95,"column":30},"end":{"line":95,"column":49}}],"line":95},"4":{"loc":{"start":{"line":138,"column":16},"end":{"line":140,"column":43}},"type":"cond-expr","locations":[{"start":{"line":139,"column":20},"end":{"line":139,"column":43}},{"start":{"line":140,"column":20},"end":{"line":140,"column":43}}],"line":138}},"s":{"0":1,"1":1,"2":1,"3":0,"4":1,"5":1,"6":0,"7":1,"8":0,"9":0,"10":0,"11":0,"12":0,"13":0,"14":0,"15":0,"16":0,"17":0,"18":0,"19":0},"f":{"0":1,"1":0,"2":1,"3":0,"4":0,"5":0,"6":0,"7":0,"8":0,"9":0},"b":{"0":[0,0],"1":[0,0],"2":[0,0],"3":[0,0],"4":[0,0]},"_coverageSchema":"43e27e138ebf9cfc5966b082cf9a028302ed4184","hash":"5d5f5e6f780dfb747df1c32d669c4668a51950c2"}
,"/home/gustaf/git/dbwebb-kurser/pattern/admin-app/src/view/admin/components/listItems.js": {"path":"/home/gustaf/git/dbwebb-kurser/pattern/admin-app/src/view/admin/components/listItems.js","statementMap":{"0":{"start":{"line":14,"column":2},"end":{"line":55,"column":8}}},"fnMap":{},"branchMap":{},"s":{"0":1},"f":{},"b":{},"_coverageSchema":"43e27e138ebf9cfc5966b082cf9a028302ed4184","hash":"d1ff147b45c242b8148063a5ac74b3f634c16222"}
,"/home/gustaf/git/dbwebb-kurser/pattern/admin-app/src/view/admin/components/styles.js": {"path":"/home/gustaf/git/dbwebb-kurser/pattern/admin-app/src/view/admin/components/styles.js","statementMap":{"0":{"start":{"line":3,"column":23},"end":{"line":12,"column":1}},"1":{"start":{"line":14,"column":23},"end":{"line":21,"column":1}}},"fnMap":{},"branchMap":{},"s":{"0":1,"1":1},"f":{},"b":{},"_coverageSchema":"43e27e138ebf9cfc5966b082cf9a028302ed4184","hash":"854ac4bd5870c3866601e877f74aa8155ca382ee"}
,"/home/gustaf/git/dbwebb-kurser/pattern/admin-app/src/view/admin/pages/city.js": {"path":"/home/gustaf/git/dbwebb-kurser/pattern/admin-app/src/view/admin/pages/city.js","statementMap":{"0":{"start":{"line":13,"column":16},"end":{"line":22,"column":1}},"1":{"start":{"line":14,"column":21},"end":{"line":18,"column":6}},"2":{"start":{"line":19,"column":17},"end":{"line":19,"column":35}},"3":{"start":{"line":20,"column":4},"end":{"line":20,"column":60}},"4":{"start":{"line":21,"column":4},"end":{"line":21,"column":15}},"5":{"start":{"line":25,"column":21},"end":{"line":25,"column":47}},"6":{"start":{"line":26,"column":20},"end":{"line":26,"column":32}},"7":{"start":{"line":28,"column":4},"end":{"line":54,"column":6}},"8":{"start":{"line":41,"column":23},"end":{"line":49,"column":34}},"9":{"start":{"line":46,"column":40},"end":{"line":46,"column":94}},"10":{"start":{"line":58,"column":4},"end":{"line":58,"column":56}}},"fnMap":{"0":{"name":"(anonymous_0)","decl":{"start":{"line":13,"column":16},"end":{"line":13,"column":17}},"loc":{"start":{"line":13,"column":28},"end":{"line":22,"column":1}},"line":13},"1":{"name":"CityContent","decl":{"start":{"line":24,"column":9},"end":{"line":24,"column":20}},"loc":{"start":{"line":24,"column":23},"end":{"line":55,"column":1}},"line":24},"2":{"name":"(anonymous_2)","decl":{"start":{"line":40,"column":37},"end":{"line":40,"column":38}},"loc":{"start":{"line":41,"column":23},"end":{"line":49,"column":34}},"line":41},"3":{"name":"(anonymous_3)","decl":{"start":{"line":45,"column":74},"end":{"line":45,"column":75}},"loc":{"start":{"line":45,"column":80},"end":{"line":47,"column":37}},"line":45},"4":{"name":"City","decl":{"start":{"line":57,"column":24},"end":{"line":57,"column":28}},"loc":{"start":{"line":57,"column":31},"end":{"line":59,"column":3}},"line":57}},"branchMap":{"0":{"loc":{"start":{"line":40,"column":21},"end":{"line":40,"column":31}},"type":"binary-expr","locations":[{"start":{"line":40,"column":21},"end":{"line":40,"column":25}},{"start":{"line":40,"column":29},"end":{"line":40,"column":31}}],"line":40}},"s":{"0":0,"1":0,"2":0,"3":0,"4":0,"5":0,"6":0,"7":0,"8":0,"9":0,"10":0},"f":{"0":0,"1":0,"2":0,"3":0,"4":0},"b":{"0":[0,0]},"hash":"8a11953af4a7f7f74001a16e87fcacd91b5f6358"}
,"/home/gustaf/git/dbwebb-kurser/pattern/admin-app/src/view/admin/pages/maintenence.js": {"path":"/home/gustaf/git/dbwebb-kurser/pattern/admin-app/src/view/admin/pages/maintenence.js","statementMap":{"0":{"start":{"line":12,"column":32},"end":{"line":12,"column":44}},"1":{"start":{"line":13,"column":30},"end":{"line":13,"column":42}},"2":{"start":{"line":14,"column":28},"end":{"line":14,"column":40}},"3":{"start":{"line":15,"column":20},"end":{"line":15,"column":32}},"4":{"start":{"line":17,"column":24},"end":{"line":18,"column":54}},"5":{"start":{"line":17,"column":36},"end":{"line":18,"column":54}},"6":{"start":{"line":18,"column":25},"end":{"line":18,"column":53}},"7":{"start":{"line":19,"column":19},"end":{"line":20,"column":53}},"8":{"start":{"line":19,"column":31},"end":{"line":20,"column":53}},"9":{"start":{"line":20,"column":25},"end":{"line":20,"column":52}},"10":{"start":{"line":22,"column":4},"end":{"line":26,"column":15}},"11":{"start":{"line":23,"column":8},"end":{"line":23,"column":17}},"12":{"start":{"line":24,"column":8},"end":{"line":24,"column":22}},"13":{"start":{"line":28,"column":20},"end":{"line":48,"column":3}},"14":{"start":{"line":29,"column":19},"end":{"line":29,"column":27}},"15":{"start":{"line":30,"column":19},"end":{"line":30,"column":81}},"16":{"start":{"line":31,"column":6},"end":{"line":47,"column":5}},"17":{"start":{"line":32,"column":10},"end":{"line":34,"column":11}},"18":{"start":{"line":33,"column":14},"end":{"line":33,"column":32}},"19":{"start":{"line":36,"column":10},"end":{"line":45,"column":13}},"20":{"start":{"line":46,"column":10},"end":{"line":46,"column":35}},"21":{"start":{"line":50,"column":21},"end":{"line":50,"column":23}},"22":{"start":{"line":51,"column":20},"end":{"line":99,"column":7}},"23":{"start":{"line":86,"column":16},"end":{"line":96,"column":18}},"24":{"start":{"line":89,"column":24},"end":{"line":89,"column":103}},"25":{"start":{"line":92,"column":101},"end":{"line":92,"column":125}},"26":{"start":{"line":93,"column":95},"end":{"line":93,"column":119}},"27":{"start":{"line":101,"column":4},"end":{"line":123,"column":6}},"28":{"start":{"line":104,"column":43},"end":{"line":104,"column":68}},"29":{"start":{"line":106,"column":27},"end":{"line":106,"column":90}},"30":{"start":{"line":118,"column":43},"end":{"line":118,"column":53}},"31":{"start":{"line":127,"column":4},"end":{"line":127,"column":63}}},"fnMap":{"0":{"name":"MaintenenceContent","decl":{"start":{"line":11,"column":9},"end":{"line":11,"column":27}},"loc":{"start":{"line":11,"column":30},"end":{"line":124,"column":1}},"line":11},"1":{"name":"(anonymous_1)","decl":{"start":{"line":17,"column":24},"end":{"line":17,"column":25}},"loc":{"start":{"line":17,"column":36},"end":{"line":18,"column":54}},"line":17},"2":{"name":"(anonymous_2)","decl":{"start":{"line":18,"column":11},"end":{"line":18,"column":12}},"loc":{"start":{"line":18,"column":25},"end":{"line":18,"column":53}},"line":18},"3":{"name":"(anonymous_3)","decl":{"start":{"line":19,"column":19},"end":{"line":19,"column":20}},"loc":{"start":{"line":19,"column":31},"end":{"line":20,"column":53}},"line":19},"4":{"name":"(anonymous_4)","decl":{"start":{"line":20,"column":11},"end":{"line":20,"column":12}},"loc":{"start":{"line":20,"column":25},"end":{"line":20,"column":52}},"line":20},"5":{"name":"(anonymous_5)","decl":{"start":{"line":22,"column":14},"end":{"line":22,"column":15}},"loc":{"start":{"line":22,"column":19},"end":{"line":26,"column":5}},"line":22},"6":{"name":"(anonymous_6)","decl":{"start":{"line":28,"column":20},"end":{"line":28,"column":21}},"loc":{"start":{"line":28,"column":30},"end":{"line":48,"column":3}},"line":28},"7":{"name":"(anonymous_7)","decl":{"start":{"line":85,"column":24},"end":{"line":85,"column":25}},"loc":{"start":{"line":85,"column":40},"end":{"line":97,"column":15}},"line":85},"8":{"name":"(anonymous_8)","decl":{"start":{"line":88,"column":91},"end":{"line":88,"column":92}},"loc":{"start":{"line":88,"column":97},"end":{"line":90,"column":23}},"line":88},"9":{"name":"(anonymous_9)","decl":{"start":{"line":92,"column":94},"end":{"line":92,"column":95}},"loc":{"start":{"line":92,"column":100},"end":{"line":92,"column":126}},"line":92},"10":{"name":"(anonymous_10)","decl":{"start":{"line":93,"column":88},"end":{"line":93,"column":89}},"loc":{"start":{"line":93,"column":94},"end":{"line":93,"column":120}},"line":93},"11":{"name":"(anonymous_11)","decl":{"start":{"line":104,"column":36},"end":{"line":104,"column":37}},"loc":{"start":{"line":104,"column":43},"end":{"line":104,"column":68}},"line":104},"12":{"name":"(anonymous_12)","decl":{"start":{"line":105,"column":41},"end":{"line":105,"column":42}},"loc":{"start":{"line":106,"column":27},"end":{"line":106,"column":90}},"line":106},"13":{"name":"(anonymous_13)","decl":{"start":{"line":118,"column":34},"end":{"line":118,"column":35}},"loc":{"start":{"line":118,"column":43},"end":{"line":118,"column":53}},"line":118},"14":{"name":"Maintenence","decl":{"start":{"line":126,"column":24},"end":{"line":126,"column":35}},"loc":{"start":{"line":126,"column":38},"end":{"line":128,"column":1}},"line":126}},"branchMap":{"0":{"loc":{"start":{"line":31,"column":6},"end":{"line":47,"column":5}},"type":"if","locations":[{"start":{"line":31,"column":6},"end":{"line":47,"column":5}},{"start":{"line":31,"column":6},"end":{"line":47,"column":5}}],"line":31},"1":{"loc":{"start":{"line":32,"column":10},"end":{"line":34,"column":11}},"type":"if","locations":[{"start":{"line":32,"column":10},"end":{"line":34,"column":11}},{"start":{"line":32,"column":10},"end":{"line":34,"column":11}}],"line":32},"2":{"loc":{"start":{"line":91,"column":23},"end":{"line":93,"column":123}},"type":"cond-expr","locations":[{"start":{"line":92,"column":26},"end":{"line":92,"column":129}},{"start":{"line":93,"column":26},"end":{"line":93,"column":123}}],"line":91},"3":{"loc":{"start":{"line":105,"column":25},"end":{"line":105,"column":35}},"type":"binary-expr","locations":[{"start":{"line":105,"column":25},"end":{"line":105,"column":29}},{"start":{"line":105,"column":33},"end":{"line":105,"column":35}}],"line":105},"4":{"loc":{"start":{"line":117,"column":30},"end":{"line":117,"column":41}},"type":"binary-expr","locations":[{"start":{"line":117,"column":30},"end":{"line":117,"column":35}},{"start":{"line":117,"column":39},"end":{"line":117,"column":41}}],"line":117}},"s":{"0":0,"1":0,"2":0,"3":0,"4":0,"5":0,"6":0,"7":0,"8":0,"9":0,"10":0,"11":0,"12":0,"13":0,"14":0,"15":0,"16":0,"17":0,"18":0,"19":0,"20":0,"21":0,"22":0,"23":0,"24":0,"25":0,"26":0,"27":0,"28":0,"29":0,"30":0,"31":0},"f":{"0":0,"1":0,"2":0,"3":0,"4":0,"5":0,"6":0,"7":0,"8":0,"9":0,"10":0,"11":0,"12":0,"13":0,"14":0},"b":{"0":[0,0],"1":[0,0],"2":[0,0],"3":[0,0],"4":[0,0]},"hash":"2fa5b8edfdddc118589bdd7074a06edfce9526f9"}
,"/home/gustaf/git/dbwebb-kurser/pattern/admin-app/src/view/admin/pages/map.js": {"path":"/home/gustaf/git/dbwebb-kurser/pattern/admin-app/src/view/admin/pages/map.js","statementMap":{"0":{"start":{"line":12,"column":15},"end":{"line":12,"column":38}},"1":{"start":{"line":13,"column":15},"end":{"line":13,"column":53}},"2":{"start":{"line":16,"column":16},"end":{"line":47,"column":1}},"3":{"start":{"line":17,"column":4},"end":{"line":45,"column":8}},"4":{"start":{"line":23,"column":23},"end":{"line":23,"column":25}},"5":{"start":{"line":24,"column":20},"end":{"line":24,"column":22}},"6":{"start":{"line":25,"column":22},"end":{"line":25,"column":24}},"7":{"start":{"line":26,"column":23},"end":{"line":26,"column":39}},"8":{"start":{"line":28,"column":8},"end":{"line":35,"column":10}},"9":{"start":{"line":29,"column":12},"end":{"line":33,"column":13}},"10":{"start":{"line":30,"column":16},"end":{"line":30,"column":37}},"11":{"start":{"line":32,"column":16},"end":{"line":32,"column":39}},"12":{"start":{"line":34,"column":12},"end":{"line":34,"column":30}},"13":{"start":{"line":36,"column":8},"end":{"line":43,"column":10}},"14":{"start":{"line":37,"column":12},"end":{"line":41,"column":13}},"15":{"start":{"line":38,"column":16},"end":{"line":38,"column":35}},"16":{"start":{"line":40,"column":16},"end":{"line":40,"column":33}},"17":{"start":{"line":42,"column":12},"end":{"line":42,"column":30}},"18":{"start":{"line":44,"column":8},"end":{"line":44,"column":49}},"19":{"start":{"line":51,"column":24},"end":{"line":51,"column":35}},"20":{"start":{"line":52,"column":21},"end":{"line":52,"column":40}},"21":{"start":{"line":54,"column":21},"end":{"line":58,"column":5}},"22":{"start":{"line":60,"column":4},"end":{"line":60,"column":48}},"23":{"start":{"line":62,"column":4},"end":{"line":66,"column":7}},"24":{"start":{"line":68,"column":4},"end":{"line":138,"column":6}},"25":{"start":{"line":71,"column":41},"end":{"line":71,"column":62}},"26":{"start":{"line":73,"column":24},"end":{"line":77,"column":25}},"27":{"start":{"line":74,"column":26},"end":{"line":76,"column":28}},"28":{"start":{"line":75,"column":28},"end":{"line":75,"column":112}},"29":{"start":{"line":78,"column":24},"end":{"line":78,"column":35}},"30":{"start":{"line":99,"column":22},"end":{"line":108,"column":23}},"31":{"start":{"line":100,"column":24},"end":{"line":107,"column":26}},"32":{"start":{"line":101,"column":26},"end":{"line":106,"column":35}},"33":{"start":{"line":109,"column":22},"end":{"line":109,"column":33}},"34":{"start":{"line":118,"column":24},"end":{"line":129,"column":25}},"35":{"start":{"line":119,"column":26},"end":{"line":128,"column":28}},"36":{"start":{"line":120,"column":28},"end":{"line":127,"column":37}},"37":{"start":{"line":130,"column":24},"end":{"line":130,"column":35}},"38":{"start":{"line":142,"column":4},"end":{"line":142,"column":55}}},"fnMap":{"0":{"name":"(anonymous_0)","decl":{"start":{"line":16,"column":16},"end":{"line":16,"column":17}},"loc":{"start":{"line":16,"column":30},"end":{"line":47,"column":1}},"line":16},"1":{"name":"(anonymous_1)","decl":{"start":{"line":22,"column":23},"end":{"line":22,"column":24}},"loc":{"start":{"line":22,"column":52},"end":{"line":45,"column":5}},"line":22},"2":{"name":"(anonymous_2)","decl":{"start":{"line":28,"column":31},"end":{"line":28,"column":32}},"loc":{"start":{"line":28,"column":44},"end":{"line":35,"column":9}},"line":28},"3":{"name":"(anonymous_3)","decl":{"start":{"line":36,"column":28},"end":{"line":36,"column":29}},"loc":{"start":{"line":36,"column":38},"end":{"line":43,"column":9}},"line":36},"4":{"name":"MapContent","decl":{"start":{"line":50,"column":9},"end":{"line":50,"column":19}},"loc":{"start":{"line":50,"column":22},"end":{"line":139,"column":1}},"line":50},"5":{"name":"(anonymous_5)","decl":{"start":{"line":71,"column":34},"end":{"line":71,"column":35}},"loc":{"start":{"line":71,"column":41},"end":{"line":71,"column":62}},"line":71},"6":{"name":"(anonymous_6)","decl":{"start":{"line":72,"column":28},"end":{"line":72,"column":29}},"loc":{"start":{"line":72,"column":38},"end":{"line":79,"column":21}},"line":72},"7":{"name":"(anonymous_7)","decl":{"start":{"line":74,"column":39},"end":{"line":74,"column":40}},"loc":{"start":{"line":75,"column":28},"end":{"line":75,"column":112}},"line":75},"8":{"name":"(anonymous_8)","decl":{"start":{"line":98,"column":36},"end":{"line":98,"column":37}},"loc":{"start":{"line":98,"column":46},"end":{"line":110,"column":19}},"line":98},"9":{"name":"(anonymous_9)","decl":{"start":{"line":100,"column":37},"end":{"line":100,"column":38}},"loc":{"start":{"line":101,"column":26},"end":{"line":106,"column":35}},"line":101},"10":{"name":"(anonymous_10)","decl":{"start":{"line":117,"column":38},"end":{"line":117,"column":39}},"loc":{"start":{"line":117,"column":48},"end":{"line":131,"column":21}},"line":117},"11":{"name":"(anonymous_11)","decl":{"start":{"line":119,"column":39},"end":{"line":119,"column":40}},"loc":{"start":{"line":120,"column":28},"end":{"line":127,"column":37}},"line":120},"12":{"name":"Map","decl":{"start":{"line":141,"column":24},"end":{"line":141,"column":27}},"loc":{"start":{"line":141,"column":30},"end":{"line":143,"column":3}},"line":141}},"branchMap":{"0":{"loc":{"start":{"line":29,"column":12},"end":{"line":33,"column":13}},"type":"if","locations":[{"start":{"line":29,"column":12},"end":{"line":33,"column":13}},{"start":{"line":29,"column":12},"end":{"line":33,"column":13}}],"line":29},"1":{"loc":{"start":{"line":29,"column":15},"end":{"line":29,"column":77}},"type":"binary-expr","locations":[{"start":{"line":29,"column":15},"end":{"line":29,"column":44}},{"start":{"line":29,"column":48},"end":{"line":29,"column":77}}],"line":29},"2":{"loc":{"start":{"line":37,"column":12},"end":{"line":41,"column":13}},"type":"if","locations":[{"start":{"line":37,"column":12},"end":{"line":41,"column":13}},{"start":{"line":37,"column":12},"end":{"line":41,"column":13}}],"line":37},"3":{"loc":{"start":{"line":37,"column":15},"end":{"line":37,"column":61}},"type":"binary-expr","locations":[{"start":{"line":37,"column":15},"end":{"line":37,"column":36}},{"start":{"line":37,"column":40},"end":{"line":37,"column":61}}],"line":37},"4":{"loc":{"start":{"line":72,"column":12},"end":{"line":72,"column":22}},"type":"binary-expr","locations":[{"start":{"line":72,"column":12},"end":{"line":72,"column":16}},{"start":{"line":72,"column":20},"end":{"line":72,"column":22}}],"line":72},"5":{"loc":{"start":{"line":73,"column":24},"end":{"line":77,"column":25}},"type":"if","locations":[{"start":{"line":73,"column":24},"end":{"line":77,"column":25}},{"start":{"line":73,"column":24},"end":{"line":77,"column":25}}],"line":73},"6":{"loc":{"start":{"line":75,"column":28},"end":{"line":75,"column":112}},"type":"cond-expr","locations":[{"start":{"line":75,"column":42},"end":{"line":75,"column":105}},{"start":{"line":75,"column":108},"end":{"line":75,"column":112}}],"line":75},"7":{"loc":{"start":{"line":98,"column":20},"end":{"line":98,"column":30}},"type":"binary-expr","locations":[{"start":{"line":98,"column":20},"end":{"line":98,"column":24}},{"start":{"line":98,"column":28},"end":{"line":98,"column":30}}],"line":98},"8":{"loc":{"start":{"line":99,"column":22},"end":{"line":108,"column":23}},"type":"if","locations":[{"start":{"line":99,"column":22},"end":{"line":108,"column":23}},{"start":{"line":99,"column":22},"end":{"line":108,"column":23}}],"line":99},"9":{"loc":{"start":{"line":117,"column":22},"end":{"line":117,"column":32}},"type":"binary-expr","locations":[{"start":{"line":117,"column":22},"end":{"line":117,"column":26}},{"start":{"line":117,"column":30},"end":{"line":117,"column":32}}],"line":117},"10":{"loc":{"start":{"line":118,"column":24},"end":{"line":129,"column":25}},"type":"if","locations":[{"start":{"line":118,"column":24},"end":{"line":129,"column":25}},{"start":{"line":118,"column":24},"end":{"line":129,"column":25}}],"line":118}},"s":{"0":0,"1":0,"2":0,"3":0,"4":0,"5":0,"6":0,"7":0,"8":0,"9":0,"10":0,"11":0,"12":0,"13":0,"14":0,"15":0,"16":0,"17":0,"18":0,"19":0,"20":0,"21":0,"22":0,"23":0,"24":0,"25":0,"26":0,"27":0,"28":0,"29":0,"30":0,"31":0,"32":0,"33":0,"34":0,"35":0,"36":0,"37":0,"38":0},"f":{"0":0,"1":0,"2":0,"3":0,"4":0,"5":0,"6":0,"7":0,"8":0,"9":0,"10":0,"11":0,"12":0},"b":{"0":[0,0],"1":[0,0],"2":[0,0],"3":[0,0],"4":[0,0],"5":[0,0],"6":[0,0],"7":[0,0],"8":[0,0],"9":[0,0],"10":[0,0]},"hash":"fdcc8be12e915dd1ba4a71f8f461075eb75ff92a"}
,"/home/gustaf/git/dbwebb-kurser/pattern/admin-app/src/view/admin/pages/move.js": {"path":"/home/gustaf/git/dbwebb-kurser/pattern/admin-app/src/view/admin/pages/move.js","statementMap":{"0":{"start":{"line":10,"column":19},"end":{"line":10,"column":37}},"1":{"start":{"line":11,"column":19},"end":{"line":11,"column":37}},"2":{"start":{"line":12,"column":28},"end":{"line":12,"column":40}},"3":{"start":{"line":13,"column":34},"end":{"line":13,"column":46}},"4":{"start":{"line":14,"column":38},"end":{"line":14,"column":50}},"5":{"start":{"line":15,"column":20},"end":{"line":15,"column":32}},"6":{"start":{"line":17,"column":24},"end":{"line":18,"column":57}},"7":{"start":{"line":17,"column":38},"end":{"line":18,"column":57}},"8":{"start":{"line":18,"column":29},"end":{"line":18,"column":56}},"9":{"start":{"line":19,"column":27},"end":{"line":20,"column":60}},"10":{"start":{"line":19,"column":41},"end":{"line":20,"column":60}},"11":{"start":{"line":20,"column":29},"end":{"line":20,"column":59}},"12":{"start":{"line":22,"column":4},"end":{"line":26,"column":19}},"13":{"start":{"line":23,"column":8},"end":{"line":23,"column":28}},"14":{"start":{"line":24,"column":8},"end":{"line":24,"column":31}},"15":{"start":{"line":29,"column":17},"end":{"line":41,"column":5}},"16":{"start":{"line":30,"column":8},"end":{"line":39,"column":11}},"17":{"start":{"line":40,"column":8},"end":{"line":40,"column":47}},"18":{"start":{"line":43,"column":4},"end":{"line":68,"column":6}},"19":{"start":{"line":56,"column":74},"end":{"line":56,"column":102}},"20":{"start":{"line":58,"column":24},"end":{"line":60,"column":25}},"21":{"start":{"line":59,"column":28},"end":{"line":59,"column":109}},"22":{"start":{"line":61,"column":24},"end":{"line":61,"column":36}},"23":{"start":{"line":72,"column":4},"end":{"line":72,"column":56}}},"fnMap":{"0":{"name":"MoveContent","decl":{"start":{"line":9,"column":9},"end":{"line":9,"column":20}},"loc":{"start":{"line":9,"column":23},"end":{"line":69,"column":1}},"line":9},"1":{"name":"(anonymous_1)","decl":{"start":{"line":17,"column":24},"end":{"line":17,"column":25}},"loc":{"start":{"line":17,"column":38},"end":{"line":18,"column":57}},"line":17},"2":{"name":"(anonymous_2)","decl":{"start":{"line":18,"column":15},"end":{"line":18,"column":16}},"loc":{"start":{"line":18,"column":29},"end":{"line":18,"column":56}},"line":18},"3":{"name":"(anonymous_3)","decl":{"start":{"line":19,"column":27},"end":{"line":19,"column":28}},"loc":{"start":{"line":19,"column":41},"end":{"line":20,"column":60}},"line":19},"4":{"name":"(anonymous_4)","decl":{"start":{"line":20,"column":15},"end":{"line":20,"column":16}},"loc":{"start":{"line":20,"column":29},"end":{"line":20,"column":59}},"line":20},"5":{"name":"(anonymous_5)","decl":{"start":{"line":22,"column":14},"end":{"line":22,"column":15}},"loc":{"start":{"line":22,"column":20},"end":{"line":26,"column":5}},"line":22},"6":{"name":"(anonymous_6)","decl":{"start":{"line":29,"column":17},"end":{"line":29,"column":18}},"loc":{"start":{"line":29,"column":23},"end":{"line":41,"column":5}},"line":29},"7":{"name":"(anonymous_7)","decl":{"start":{"line":56,"column":67},"end":{"line":56,"column":68}},"loc":{"start":{"line":56,"column":74},"end":{"line":56,"column":102}},"line":56},"8":{"name":"(anonymous_8)","decl":{"start":{"line":57,"column":41},"end":{"line":57,"column":42}},"loc":{"start":{"line":57,"column":50},"end":{"line":62,"column":21}},"line":57},"9":{"name":"Move","decl":{"start":{"line":71,"column":24},"end":{"line":71,"column":28}},"loc":{"start":{"line":71,"column":31},"end":{"line":73,"column":1}},"line":71}},"branchMap":{"0":{"loc":{"start":{"line":57,"column":22},"end":{"line":57,"column":35}},"type":"binary-expr","locations":[{"start":{"line":57,"column":22},"end":{"line":57,"column":29}},{"start":{"line":57,"column":33},"end":{"line":57,"column":35}}],"line":57},"1":{"loc":{"start":{"line":58,"column":24},"end":{"line":60,"column":25}},"type":"if","locations":[{"start":{"line":58,"column":24},"end":{"line":60,"column":25}},{"start":{"line":58,"column":24},"end":{"line":60,"column":25}}],"line":58}},"s":{"0":0,"1":0,"2":0,"3":0,"4":0,"5":0,"6":0,"7":0,"8":0,"9":0,"10":0,"11":0,"12":0,"13":0,"14":0,"15":0,"16":0,"17":0,"18":0,"19":0,"20":0,"21":0,"22":0,"23":0},"f":{"0":0,"1":0,"2":0,"3":0,"4":0,"5":0,"6":0,"7":0,"8":0,"9":0},"b":{"0":[0,0],"1":[0,0]},"hash":"51bfe6bbb322869474d9c40798decb92fff9797c"}
,"/home/gustaf/git/dbwebb-kurser/pattern/admin-app/src/view/admin/pages/scooter.js": {"path":"/home/gustaf/git/dbwebb-kurser/pattern/admin-app/src/view/admin/pages/scooter.js","statementMap":{"0":{"start":{"line":7,"column":15},"end":{"line":7,"column":26}},"1":{"start":{"line":8,"column":17},"end":{"line":8,"column":78}},"2":{"start":{"line":9,"column":21},"end":{"line":9,"column":23}},"3":{"start":{"line":10,"column":20},"end":{"line":42,"column":7}},"4":{"start":{"line":44,"column":4},"end":{"line":61,"column":6}},"5":{"start":{"line":56,"column":43},"end":{"line":56,"column":53}},"6":{"start":{"line":65,"column":4},"end":{"line":65,"column":59}}},"fnMap":{"0":{"name":"ScooterContent","decl":{"start":{"line":6,"column":9},"end":{"line":6,"column":23}},"loc":{"start":{"line":6,"column":26},"end":{"line":62,"column":1}},"line":6},"1":{"name":"(anonymous_1)","decl":{"start":{"line":56,"column":34},"end":{"line":56,"column":35}},"loc":{"start":{"line":56,"column":43},"end":{"line":56,"column":53}},"line":56},"2":{"name":"Scooter","decl":{"start":{"line":64,"column":24},"end":{"line":64,"column":31}},"loc":{"start":{"line":64,"column":34},"end":{"line":66,"column":3}},"line":64}},"branchMap":{"0":{"loc":{"start":{"line":55,"column":30},"end":{"line":55,"column":40}},"type":"binary-expr","locations":[{"start":{"line":55,"column":30},"end":{"line":55,"column":34}},{"start":{"line":55,"column":38},"end":{"line":55,"column":40}}],"line":55}},"s":{"0":0,"1":0,"2":0,"3":0,"4":0,"5":0,"6":0},"f":{"0":0,"1":0,"2":0},"b":{"0":[0,0]},"hash":"3c7e28029f3f6b9d4bb17651880272c5d75d6ed7"}
,"/home/gustaf/git/dbwebb-kurser/pattern/admin-app/src/view/admin/pages/station.js": {"path":"/home/gustaf/git/dbwebb-kurser/pattern/admin-app/src/view/admin/pages/station.js","statementMap":{"0":{"start":{"line":10,"column":16},"end":{"line":14,"column":41}},"1":{"start":{"line":10,"column":24},"end":{"line":14,"column":41}},"2":{"start":{"line":14,"column":22},"end":{"line":14,"column":40}},"3":{"start":{"line":17,"column":20},"end":{"line":17,"column":32}},"4":{"start":{"line":18,"column":20},"end":{"line":55,"column":7}},"5":{"start":{"line":34,"column":16},"end":{"line":38,"column":18}},"6":{"start":{"line":45,"column":14},"end":{"line":52,"column":16}},"7":{"start":{"line":48,"column":24},"end":{"line":48,"column":113}},"8":{"start":{"line":49,"column":24},"end":{"line":49,"column":83}},"9":{"start":{"line":56,"column":15},"end":{"line":56,"column":26}},"10":{"start":{"line":57,"column":21},"end":{"line":57,"column":43}},"11":{"start":{"line":58,"column":21},"end":{"line":58,"column":23}},"12":{"start":{"line":60,"column":4},"end":{"line":77,"column":6}},"13":{"start":{"line":72,"column":43},"end":{"line":72,"column":56}},"14":{"start":{"line":81,"column":4},"end":{"line":81,"column":59}}},"fnMap":{"0":{"name":"(anonymous_0)","decl":{"start":{"line":10,"column":16},"end":{"line":10,"column":17}},"loc":{"start":{"line":10,"column":24},"end":{"line":14,"column":41}},"line":10},"1":{"name":"(anonymous_1)","decl":{"start":{"line":14,"column":8},"end":{"line":14,"column":9}},"loc":{"start":{"line":14,"column":22},"end":{"line":14,"column":40}},"line":14},"2":{"name":"StationContent","decl":{"start":{"line":16,"column":9},"end":{"line":16,"column":23}},"loc":{"start":{"line":16,"column":26},"end":{"line":78,"column":1}},"line":16},"3":{"name":"(anonymous_3)","decl":{"start":{"line":33,"column":24},"end":{"line":33,"column":25}},"loc":{"start":{"line":33,"column":40},"end":{"line":39,"column":15}},"line":33},"4":{"name":"(anonymous_4)","decl":{"start":{"line":44,"column":24},"end":{"line":44,"column":25}},"loc":{"start":{"line":44,"column":40},"end":{"line":53,"column":13}},"line":44},"5":{"name":"(anonymous_5)","decl":{"start":{"line":47,"column":62},"end":{"line":47,"column":63}},"loc":{"start":{"line":47,"column":68},"end":{"line":50,"column":21}},"line":47},"6":{"name":"(anonymous_6)","decl":{"start":{"line":72,"column":34},"end":{"line":72,"column":35}},"loc":{"start":{"line":72,"column":43},"end":{"line":72,"column":56}},"line":72},"7":{"name":"Station","decl":{"start":{"line":80,"column":24},"end":{"line":80,"column":31}},"loc":{"start":{"line":80,"column":34},"end":{"line":82,"column":3}},"line":80}},"branchMap":{"0":{"loc":{"start":{"line":36,"column":26},"end":{"line":36,"column":91}},"type":"cond-expr","locations":[{"start":{"line":36,"column":60},"end":{"line":36,"column":61}},{"start":{"line":36,"column":64},"end":{"line":36,"column":91}}],"line":36},"1":{"loc":{"start":{"line":71,"column":30},"end":{"line":71,"column":40}},"type":"binary-expr","locations":[{"start":{"line":71,"column":30},"end":{"line":71,"column":34}},{"start":{"line":71,"column":38},"end":{"line":71,"column":40}}],"line":71}},"s":{"0":0,"1":0,"2":0,"3":0,"4":0,"5":0,"6":0,"7":0,"8":0,"9":0,"10":0,"11":0,"12":0,"13":0,"14":0},"f":{"0":0,"1":0,"2":0,"3":0,"4":0,"5":0,"6":0,"7":0},"b":{"0":[0,0],"1":[0,0]},"hash":"cceb9da1ca448dc79559fd168c22e8927d97c17f"}
,"/home/gustaf/git/dbwebb-kurser/pattern/admin-app/src/view/admin/pages/user.js": {"path":"/home/gustaf/git/dbwebb-kurser/pattern/admin-app/src/view/admin/pages/user.js","statementMap":{"0":{"start":{"line":12,"column":16},"end":{"line":21,"column":1}},"1":{"start":{"line":13,"column":21},"end":{"line":17,"column":6}},"2":{"start":{"line":18,"column":17},"end":{"line":18,"column":35}},"3":{"start":{"line":19,"column":4},"end":{"line":19,"column":64}},"4":{"start":{"line":20,"column":4},"end":{"line":20,"column":16}},"5":{"start":{"line":23,"column":15},"end":{"line":33,"column":1}},"6":{"start":{"line":24,"column":17},"end":{"line":24,"column":59}},"7":{"start":{"line":25,"column":4},"end":{"line":32,"column":5}},"8":{"start":{"line":26,"column":8},"end":{"line":30,"column":11}},"9":{"start":{"line":31,"column":8},"end":{"line":31,"column":33}},"10":{"start":{"line":38,"column":20},"end":{"line":38,"column":32}},"11":{"start":{"line":39,"column":44},"end":{"line":39,"column":58}},"12":{"start":{"line":40,"column":43},"end":{"line":40,"column":57}},"13":{"start":{"line":42,"column":23},"end":{"line":47,"column":5}},"14":{"start":{"line":43,"column":22},"end":{"line":43,"column":40}},"15":{"start":{"line":44,"column":8},"end":{"line":46,"column":9}},"16":{"start":{"line":45,"column":11},"end":{"line":45,"column":43}},"17":{"start":{"line":49,"column":23},"end":{"line":51,"column":5}},"18":{"start":{"line":50,"column":8},"end":{"line":50,"column":42}},"19":{"start":{"line":53,"column":20},"end":{"line":109,"column":7}},"20":{"start":{"line":88,"column":14},"end":{"line":106,"column":16}},"21":{"start":{"line":91,"column":24},"end":{"line":95,"column":25}},"22":{"start":{"line":92,"column":28},"end":{"line":92,"column":41}},"23":{"start":{"line":94,"column":28},"end":{"line":94,"column":92}},"24":{"start":{"line":99,"column":24},"end":{"line":103,"column":25}},"25":{"start":{"line":100,"column":28},"end":{"line":100,"column":62}},"26":{"start":{"line":102,"column":28},"end":{"line":102,"column":58}},"27":{"start":{"line":110,"column":19},"end":{"line":110,"column":42}},"28":{"start":{"line":111,"column":4},"end":{"line":114,"column":5}},"29":{"start":{"line":112,"column":22},"end":{"line":112,"column":192}},"30":{"start":{"line":113,"column":8},"end":{"line":113,"column":36}},"31":{"start":{"line":116,"column":21},"end":{"line":116,"column":23}},"32":{"start":{"line":118,"column":4},"end":{"line":137,"column":6}},"33":{"start":{"line":131,"column":43},"end":{"line":131,"column":53}},"34":{"start":{"line":141,"column":4},"end":{"line":141,"column":56}}},"fnMap":{"0":{"name":"(anonymous_0)","decl":{"start":{"line":12,"column":16},"end":{"line":12,"column":17}},"loc":{"start":{"line":12,"column":28},"end":{"line":21,"column":1}},"line":12},"1":{"name":"(anonymous_1)","decl":{"start":{"line":23,"column":15},"end":{"line":23,"column":16}},"loc":{"start":{"line":23,"column":23},"end":{"line":33,"column":1}},"line":23},"2":{"name":"UserContent","decl":{"start":{"line":37,"column":16},"end":{"line":37,"column":27}},"loc":{"start":{"line":37,"column":59},"end":{"line":138,"column":1}},"line":37},"3":{"name":"(anonymous_3)","decl":{"start":{"line":42,"column":23},"end":{"line":42,"column":24}},"loc":{"start":{"line":42,"column":31},"end":{"line":47,"column":5}},"line":42},"4":{"name":"(anonymous_4)","decl":{"start":{"line":49,"column":23},"end":{"line":49,"column":24}},"loc":{"start":{"line":49,"column":29},"end":{"line":51,"column":5}},"line":49},"5":{"name":"(anonymous_5)","decl":{"start":{"line":87,"column":24},"end":{"line":87,"column":25}},"loc":{"start":{"line":87,"column":40},"end":{"line":107,"column":13}},"line":87},"6":{"name":"(anonymous_6)","decl":{"start":{"line":90,"column":62},"end":{"line":90,"column":63}},"loc":{"start":{"line":90,"column":68},"end":{"line":97,"column":21}},"line":90},"7":{"name":"(anonymous_7)","decl":{"start":{"line":98,"column":58},"end":{"line":98,"column":59}},"loc":{"start":{"line":98,"column":64},"end":{"line":104,"column":21}},"line":98},"8":{"name":"(anonymous_8)","decl":{"start":{"line":131,"column":34},"end":{"line":131,"column":35}},"loc":{"start":{"line":131,"column":43},"end":{"line":131,"column":53}},"line":131},"9":{"name":"User","decl":{"start":{"line":140,"column":24},"end":{"line":140,"column":28}},"loc":{"start":{"line":140,"column":31},"end":{"line":142,"column":3}},"line":140}},"branchMap":{"0":{"loc":{"start":{"line":25,"column":4},"end":{"line":32,"column":5}},"type":"if","locations":[{"start":{"line":25,"column":4},"end":{"line":32,"column":5}},{"start":{"line":25,"column":4},"end":{"line":32,"column":5}}],"line":25},"1":{"loc":{"start":{"line":37,"column":29},"end":{"line":37,"column":40}},"type":"default-arg","locations":[{"start":{"line":37,"column":36},"end":{"line":37,"column":40}}],"line":37},"2":{"loc":{"start":{"line":37,"column":42},"end":{"line":37,"column":56}},"type":"default-arg","locations":[{"start":{"line":37,"column":51},"end":{"line":37,"column":56}}],"line":37},"3":{"loc":{"start":{"line":44,"column":8},"end":{"line":46,"column":9}},"type":"if","locations":[{"start":{"line":44,"column":8},"end":{"line":46,"column":9}},{"start":{"line":44,"column":8},"end":{"line":46,"column":9}}],"line":44},"4":{"loc":{"start":{"line":91,"column":24},"end":{"line":95,"column":25}},"type":"if","locations":[{"start":{"line":91,"column":24},"end":{"line":95,"column":25}},{"start":{"line":91,"column":24},"end":{"line":95,"column":25}}],"line":91},"5":{"loc":{"start":{"line":99,"column":24},"end":{"line":103,"column":25}},"type":"if","locations":[{"start":{"line":99,"column":24},"end":{"line":103,"column":25}},{"start":{"line":99,"column":24},"end":{"line":103,"column":25}}],"line":99},"6":{"loc":{"start":{"line":111,"column":4},"end":{"line":114,"column":5}},"type":"if","locations":[{"start":{"line":111,"column":4},"end":{"line":114,"column":5}},{"start":{"line":111,"column":4},"end":{"line":114,"column":5}}],"line":111},"7":{"loc":{"start":{"line":111,"column":8},"end":{"line":111,"column":23}},"type":"binary-expr","locations":[{"start":{"line":111,"column":8},"end":{"line":111,"column":12}},{"start":{"line":111,"column":16},"end":{"line":111,"column":23}}],"line":111},"8":{"loc":{"start":{"line":130,"column":30},"end":{"line":130,"column":40}},"type":"binary-expr","locations":[{"start":{"line":130,"column":30},"end":{"line":130,"column":34}},{"start":{"line":130,"column":38},"end":{"line":130,"column":40}}],"line":130}},"s":{"0":1,"1":1,"2":0,"3":0,"4":0,"5":1,"6":0,"7":0,"8":0,"9":0,"10":6,"11":6,"12":6,"13":6,"14":1,"15":1,"16":1,"17":6,"18":1,"19":6,"20":21,"21":1,"22":1,"23":0,"24":1,"25":1,"26":0,"27":6,"28":6,"29":5,"30":5,"31":6,"32":6,"33":15,"34":0},"f":{"0":1,"1":0,"2":6,"3":1,"4":1,"5":21,"6":1,"7":1,"8":15,"9":0},"b":{"0":[0,0],"1":[0],"2":[0],"3":[1,0],"4":[1,0],"5":[1,0],"6":[5,1],"7":[6,6],"8":[6,1]},"_coverageSchema":"43e27e138ebf9cfc5966b082cf9a028302ed4184","hash":"7a6f230be11f5c876f64fedf9f2d445247289d55"}
,"/home/gustaf/git/dbwebb-kurser/pattern/admin-app/src/view/admin/pages/userDetail.js": {"path":"/home/gustaf/git/dbwebb-kurser/pattern/admin-app/src/view/admin/pages/userDetail.js","statementMap":{"0":{"start":{"line":9,"column":20},"end":{"line":9,"column":32}},"1":{"start":{"line":10,"column":19},"end":{"line":10,"column":30}},"2":{"start":{"line":11,"column":17},"end":{"line":11,"column":70}},"3":{"start":{"line":12,"column":40},"end":{"line":12,"column":55}},"4":{"start":{"line":13,"column":38},"end":{"line":13,"column":62}},"5":{"start":{"line":14,"column":36},"end":{"line":14,"column":59}},"6":{"start":{"line":15,"column":32},"end":{"line":15,"column":53}},"7":{"start":{"line":16,"column":34},"end":{"line":16,"column":56}},"8":{"start":{"line":17,"column":34},"end":{"line":17,"column":56}},"9":{"start":{"line":19,"column":21},"end":{"line":32,"column":5}},"10":{"start":{"line":20,"column":8},"end":{"line":30,"column":11}},"11":{"start":{"line":31,"column":8},"end":{"line":31,"column":40}},"12":{"start":{"line":34,"column":4},"end":{"line":63,"column":5}},"13":{"start":{"line":35,"column":8},"end":{"line":46,"column":10}},"14":{"start":{"line":44,"column":41},"end":{"line":44,"column":60}},"15":{"start":{"line":48,"column":8},"end":{"line":62,"column":10}},"16":{"start":{"line":50,"column":38},"end":{"line":50,"column":59}},"17":{"start":{"line":52,"column":97},"end":{"line":52,"column":125}},"18":{"start":{"line":53,"column":100},"end":{"line":53,"column":127}},"19":{"start":{"line":55,"column":94},"end":{"line":55,"column":119}},"20":{"start":{"line":56,"column":98},"end":{"line":56,"column":124}},"21":{"start":{"line":57,"column":98},"end":{"line":57,"column":124}},"22":{"start":{"line":60,"column":41},"end":{"line":60,"column":61}},"23":{"start":{"line":68,"column":4},"end":{"line":68,"column":62}}},"fnMap":{"0":{"name":"UserDetailContent","decl":{"start":{"line":8,"column":9},"end":{"line":8,"column":26}},"loc":{"start":{"line":8,"column":29},"end":{"line":65,"column":1}},"line":8},"1":{"name":"(anonymous_1)","decl":{"start":{"line":19,"column":21},"end":{"line":19,"column":22}},"loc":{"start":{"line":19,"column":33},"end":{"line":32,"column":5}},"line":19},"2":{"name":"(anonymous_2)","decl":{"start":{"line":44,"column":35},"end":{"line":44,"column":36}},"loc":{"start":{"line":44,"column":41},"end":{"line":44,"column":60}},"line":44},"3":{"name":"(anonymous_3)","decl":{"start":{"line":50,"column":32},"end":{"line":50,"column":33}},"loc":{"start":{"line":50,"column":38},"end":{"line":50,"column":59}},"line":50},"4":{"name":"(anonymous_4)","decl":{"start":{"line":52,"column":90},"end":{"line":52,"column":91}},"loc":{"start":{"line":52,"column":97},"end":{"line":52,"column":125}},"line":52},"5":{"name":"(anonymous_5)","decl":{"start":{"line":53,"column":93},"end":{"line":53,"column":94}},"loc":{"start":{"line":53,"column":100},"end":{"line":53,"column":127}},"line":53},"6":{"name":"(anonymous_6)","decl":{"start":{"line":55,"column":87},"end":{"line":55,"column":88}},"loc":{"start":{"line":55,"column":94},"end":{"line":55,"column":119}},"line":55},"7":{"name":"(anonymous_7)","decl":{"start":{"line":56,"column":91},"end":{"line":56,"column":92}},"loc":{"start":{"line":56,"column":98},"end":{"line":56,"column":124}},"line":56},"8":{"name":"(anonymous_8)","decl":{"start":{"line":57,"column":91},"end":{"line":57,"column":92}},"loc":{"start":{"line":57,"column":98},"end":{"line":57,"column":124}},"line":57},"9":{"name":"(anonymous_9)","decl":{"start":{"line":60,"column":35},"end":{"line":60,"column":36}},"loc":{"start":{"line":60,"column":41},"end":{"line":60,"column":61}},"line":60},"10":{"name":"UserDetail","decl":{"start":{"line":67,"column":24},"end":{"line":67,"column":34}},"loc":{"start":{"line":67,"column":37},"end":{"line":69,"column":3}},"line":67}},"branchMap":{"0":{"loc":{"start":{"line":34,"column":4},"end":{"line":63,"column":5}},"type":"if","locations":[{"start":{"line":34,"column":4},"end":{"line":63,"column":5}},{"start":{"line":34,"column":4},"end":{"line":63,"column":5}}],"line":34}},"s":{"0":0,"1":0,"2":0,"3":0,"4":0,"5":0,"6":0,"7":0,"8":0,"9":0,"10":0,"11":0,"12":0,"13":0,"14":0,"15":0,"16":0,"17":0,"18":0,"19":0,"20":0,"21":0,"22":0,"23":0},"f":{"0":0,"1":0,"2":0,"3":0,"4":0,"5":0,"6":0,"7":0,"8":0,"9":0,"10":0},"b":{"0":[0,0]},"hash":"03902c8c7857abef3ab7527e0cdb47003badd9eb"}
}
