TN:
SF:/home/gustaf/git/dbwebb-kurser/pattern/admin-app/src/App.js
FN:14,App
FNF:1
FNH:0
FNDA:0,App
DA:15,0
LF:1
LH:0
BRF:0
BRH:0
end_of_record
TN:
SF:/home/gustaf/git/dbwebb-kurser/pattern/admin-app/src/index.js
FNF:0
FNH:0
DA:7,0
DA:17,0
LF:2
LH:0
BRF:0
BRH:0
end_of_record
TN:
SF:/home/gustaf/git/dbwebb-kurser/pattern/admin-app/src/reportWebVitals.js
FN:1,(anonymous_0)
FN:3,(anonymous_1)
FNF:2
FNH:0
FNDA:0,(anonymous_0)
FNDA:0,(anonymous_1)
DA:1,0
DA:2,0
DA:3,0
DA:4,0
DA:5,0
DA:6,0
DA:7,0
DA:8,0
LF:8
LH:0
BRDA:2,0,0,0
BRDA:2,0,1,0
BRDA:2,1,0,0
BRDA:2,1,1,0
BRF:4
BRH:0
end_of_record
TN:
SF:/home/gustaf/git/dbwebb-kurser/pattern/admin-app/src/test/mochApi.js
FN:1,(anonymous_0)
FN:51,(anonymous_1)
FN:94,(anonymous_2)
FN:133,(anonymous_3)
FNF:4
FNH:4
FNDA:2,(anonymous_0)
FNDA:5,(anonymous_1)
FNDA:1,(anonymous_2)
FNDA:3,(anonymous_3)
DA:1,1
DA:2,2
DA:9,2
DA:10,0
DA:13,2
DA:14,0
DA:17,2
DA:18,1
DA:19,1
DA:29,0
DA:40,1
DA:51,1
DA:52,5
DA:89,5
DA:90,5
DA:94,1
DA:95,1
DA:133,3
LF:18
LH:15
BRDA:9,0,0,0
BRDA:9,0,1,2
BRDA:13,1,0,0
BRDA:13,1,1,2
BRDA:17,2,0,1
BRDA:17,2,1,1
BRDA:18,3,0,1
BRDA:18,3,1,0
BRDA:89,4,0,5
BRDA:89,4,1,0
BRF:10
BRH:6
end_of_record
TN:
SF:/home/gustaf/git/dbwebb-kurser/pattern/admin-app/src/view/login.js
FN:22,SignIn
FN:28,(anonymous_1)
FN:41,(anonymous_2)
FN:47,(anonymous_3)
FN:51,(anonymous_4)
FN:89,(anonymous_5)
FN:101,(anonymous_6)
FNF:7
FNH:4
FNDA:5,SignIn
FNDA:2,(anonymous_1)
FNDA:0,(anonymous_2)
FNDA:0,(anonymous_3)
FNDA:0,(anonymous_4)
FNDA:2,(anonymous_5)
FNDA:2,(anonymous_6)
DA:17,1
DA:18,1
DA:20,1
DA:23,5
DA:24,5
DA:25,5
DA:26,5
DA:28,5
DA:29,2
DA:30,2
DA:34,2
DA:35,2
DA:37,1
DA:41,5
DA:42,0
DA:44,0
DA:48,0
DA:49,0
DA:50,0
DA:52,0
DA:55,5
DA:56,0
DA:58,5
DA:89,2
DA:101,2
LF:25
LH:18
BRDA:22,0,0,0
BRDA:35,1,0,1
BRDA:35,1,1,0
BRDA:55,2,0,0
BRDA:55,2,1,5
BRDA:79,3,0,0
BRDA:79,3,1,5
BRF:7
BRH:3
end_of_record
TN:
SF:/home/gustaf/git/dbwebb-kurser/pattern/admin-app/src/view/admin/Dashboard.js
FN:26,(anonymous_0)
FN:27,(anonymous_1)
FN:43,(anonymous_2)
FN:44,(anonymous_3)
FN:71,DashboardTemplate
FN:74,(anonymous_5)
FN:110,(anonymous_6)
FN:137,(anonymous_7)
FN:163,DashboardContent
FN:198,Dashboard
FNF:10
FNH:2
FNDA:1,(anonymous_0)
FNDA:0,(anonymous_1)
FNDA:1,(anonymous_2)
FNDA:0,(anonymous_3)
FNDA:0,DashboardTemplate
FNDA:0,(anonymous_5)
FNDA:0,(anonymous_6)
FNDA:0,(anonymous_7)
FNDA:0,DashboardContent
FNDA:0,Dashboard
DA:23,1
DA:25,1
DA:26,1
DA:27,0
DA:43,1
DA:44,0
DA:69,1
DA:72,0
DA:73,0
DA:74,0
DA:75,0
DA:77,0
DA:78,0
DA:111,0
DA:112,0
DA:138,0
DA:159,0
DA:164,0
DA:199,0
LF:19
LH:5
BRDA:33,0,0,0
BRDA:33,0,1,0
BRDA:54,1,0,0
BRDA:54,1,1,0
BRDA:77,2,0,0
BRDA:77,2,1,0
BRDA:95,3,0,0
BRDA:95,3,1,0
BRDA:138,4,0,0
BRDA:138,4,1,0
BRF:10
BRH:0
end_of_record
TN:
SF:/home/gustaf/git/dbwebb-kurser/pattern/admin-app/src/view/admin/components/listItems.js
FNF:0
FNH:0
DA:14,1
LF:1
LH:1
BRF:0
BRH:0
end_of_record
TN:
SF:/home/gustaf/git/dbwebb-kurser/pattern/admin-app/src/view/admin/components/styles.js
FNF:0
FNH:0
DA:3,1
DA:14,1
LF:2
LH:2
BRF:0
BRH:0
end_of_record
TN:
SF:/home/gustaf/git/dbwebb-kurser/pattern/admin-app/src/view/admin/pages/city.js
FN:13,(anonymous_0)
FN:24,CityContent
FN:40,(anonymous_2)
FN:45,(anonymous_3)
FN:57,City
FNF:5
FNH:0
FNDA:0,(anonymous_0)
FNDA:0,CityContent
FNDA:0,(anonymous_2)
FNDA:0,(anonymous_3)
FNDA:0,City
DA:13,0
DA:14,0
DA:19,0
DA:20,0
DA:21,0
DA:25,0
DA:26,0
DA:28,0
DA:41,0
DA:46,0
DA:58,0
LF:11
LH:0
BRDA:40,0,0,0
BRDA:40,0,1,0
BRF:2
BRH:0
end_of_record
TN:
SF:/home/gustaf/git/dbwebb-kurser/pattern/admin-app/src/view/admin/pages/maintenence.js
FN:11,MaintenenceContent
FN:17,(anonymous_1)
FN:18,(anonymous_2)
FN:19,(anonymous_3)
FN:20,(anonymous_4)
FN:22,(anonymous_5)
FN:28,(anonymous_6)
FN:85,(anonymous_7)
FN:88,(anonymous_8)
FN:92,(anonymous_9)
FN:93,(anonymous_10)
FN:104,(anonymous_11)
FN:105,(anonymous_12)
FN:118,(anonymous_13)
FN:126,Maintenence
FNF:15
FNH:0
FNDA:0,MaintenenceContent
FNDA:0,(anonymous_1)
FNDA:0,(anonymous_2)
FNDA:0,(anonymous_3)
FNDA:0,(anonymous_4)
FNDA:0,(anonymous_5)
FNDA:0,(anonymous_6)
FNDA:0,(anonymous_7)
FNDA:0,(anonymous_8)
FNDA:0,(anonymous_9)
FNDA:0,(anonymous_10)
FNDA:0,(anonymous_11)
FNDA:0,(anonymous_12)
FNDA:0,(anonymous_13)
FNDA:0,Maintenence
DA:12,0
DA:13,0
DA:14,0
DA:15,0
DA:17,0
DA:18,0
DA:19,0
DA:20,0
DA:22,0
DA:23,0
DA:24,0
DA:28,0
DA:29,0
DA:30,0
DA:31,0
DA:32,0
DA:33,0
DA:36,0
DA:46,0
DA:50,0
DA:51,0
DA:86,0
DA:89,0
DA:92,0
DA:93,0
DA:101,0
DA:104,0
DA:106,0
DA:118,0
DA:127,0
LF:30
LH:0
BRDA:31,0,0,0
BRDA:31,0,1,0
BRDA:32,1,0,0
BRDA:32,1,1,0
BRDA:91,2,0,0
BRDA:91,2,1,0
BRDA:105,3,0,0
BRDA:105,3,1,0
BRDA:117,4,0,0
BRDA:117,4,1,0
BRF:10
BRH:0
end_of_record
TN:
SF:/home/gustaf/git/dbwebb-kurser/pattern/admin-app/src/view/admin/pages/map.js
FN:16,(anonymous_0)
FN:22,(anonymous_1)
FN:28,(anonymous_2)
FN:36,(anonymous_3)
FN:50,MapContent
FN:71,(anonymous_5)
FN:72,(anonymous_6)
FN:74,(anonymous_7)
FN:98,(anonymous_8)
FN:100,(anonymous_9)
FN:117,(anonymous_10)
FN:119,(anonymous_11)
FN:141,Map
FNF:13
FNH:0
FNDA:0,(anonymous_0)
FNDA:0,(anonymous_1)
FNDA:0,(anonymous_2)
FNDA:0,(anonymous_3)
FNDA:0,MapContent
FNDA:0,(anonymous_5)
FNDA:0,(anonymous_6)
FNDA:0,(anonymous_7)
FNDA:0,(anonymous_8)
FNDA:0,(anonymous_9)
FNDA:0,(anonymous_10)
FNDA:0,(anonymous_11)
FNDA:0,Map
DA:12,0
DA:13,0
DA:16,0
DA:17,0
DA:23,0
DA:24,0
DA:25,0
DA:26,0
DA:28,0
DA:29,0
DA:30,0
DA:32,0
DA:34,0
DA:36,0
DA:37,0
DA:38,0
DA:40,0
DA:42,0
DA:44,0
DA:51,0
DA:52,0
DA:54,0
DA:60,0
DA:62,0
DA:68,0
DA:71,0
DA:73,0
DA:74,0
DA:75,0
DA:78,0
DA:99,0
DA:100,0
DA:101,0
DA:109,0
DA:118,0
DA:119,0
DA:120,0
DA:130,0
DA:142,0
LF:39
LH:0
BRDA:29,0,0,0
BRDA:29,0,1,0
BRDA:29,1,0,0
BRDA:29,1,1,0
BRDA:37,2,0,0
BRDA:37,2,1,0
BRDA:37,3,0,0
BRDA:37,3,1,0
BRDA:72,4,0,0
BRDA:72,4,1,0
BRDA:73,5,0,0
BRDA:73,5,1,0
BRDA:75,6,0,0
BRDA:75,6,1,0
BRDA:98,7,0,0
BRDA:98,7,1,0
BRDA:99,8,0,0
BRDA:99,8,1,0
BRDA:117,9,0,0
BRDA:117,9,1,0
BRDA:118,10,0,0
BRDA:118,10,1,0
BRF:22
BRH:0
end_of_record
TN:
SF:/home/gustaf/git/dbwebb-kurser/pattern/admin-app/src/view/admin/pages/move.js
FN:9,MoveContent
FN:17,(anonymous_1)
FN:18,(anonymous_2)
FN:19,(anonymous_3)
FN:20,(anonymous_4)
FN:22,(anonymous_5)
FN:29,(anonymous_6)
FN:56,(anonymous_7)
FN:57,(anonymous_8)
FN:71,Move
FNF:10
FNH:0
FNDA:0,MoveContent
FNDA:0,(anonymous_1)
FNDA:0,(anonymous_2)
FNDA:0,(anonymous_3)
FNDA:0,(anonymous_4)
FNDA:0,(anonymous_5)
FNDA:0,(anonymous_6)
FNDA:0,(anonymous_7)
FNDA:0,(anonymous_8)
FNDA:0,Move
DA:10,0
DA:11,0
DA:12,0
DA:13,0
DA:14,0
DA:15,0
DA:17,0
DA:18,0
DA:19,0
DA:20,0
DA:22,0
DA:23,0
DA:24,0
DA:29,0
DA:30,0
DA:40,0
DA:43,0
DA:56,0
DA:58,0
DA:59,0
DA:61,0
DA:72,0
LF:22
LH:0
BRDA:57,0,0,0
BRDA:57,0,1,0
BRDA:58,1,0,0
BRDA:58,1,1,0
BRF:4
BRH:0
end_of_record
TN:
SF:/home/gustaf/git/dbwebb-kurser/pattern/admin-app/src/view/admin/pages/scooter.js
FN:6,ScooterContent
FN:56,(anonymous_1)
FN:64,Scooter
FNF:3
FNH:0
FNDA:0,ScooterContent
FNDA:0,(anonymous_1)
FNDA:0,Scooter
DA:7,0
DA:8,0
DA:9,0
DA:10,0
DA:44,0
DA:56,0
DA:65,0
LF:7
LH:0
BRDA:55,0,0,0
BRDA:55,0,1,0
BRF:2
BRH:0
end_of_record
TN:
SF:/home/gustaf/git/dbwebb-kurser/pattern/admin-app/src/view/admin/pages/station.js
FN:10,(anonymous_0)
FN:14,(anonymous_1)
FN:16,StationContent
FN:33,(anonymous_3)
FN:44,(anonymous_4)
FN:47,(anonymous_5)
FN:72,(anonymous_6)
FN:80,Station
FNF:8
FNH:0
FNDA:0,(anonymous_0)
FNDA:0,(anonymous_1)
FNDA:0,StationContent
FNDA:0,(anonymous_3)
FNDA:0,(anonymous_4)
FNDA:0,(anonymous_5)
FNDA:0,(anonymous_6)
FNDA:0,Station
DA:10,0
DA:14,0
DA:17,0
DA:18,0
DA:34,0
DA:45,0
DA:48,0
DA:49,0
DA:56,0
DA:57,0
DA:58,0
DA:60,0
DA:72,0
DA:81,0
LF:14
LH:0
BRDA:36,0,0,0
BRDA:36,0,1,0
BRDA:71,1,0,0
BRDA:71,1,1,0
BRF:4
BRH:0
end_of_record
TN:
SF:/home/gustaf/git/dbwebb-kurser/pattern/admin-app/src/view/admin/pages/user.js
FN:12,(anonymous_0)
FN:23,(anonymous_1)
FN:37,UserContent
FN:42,(anonymous_3)
FN:49,(anonymous_4)
FN:87,(anonymous_5)
FN:90,(anonymous_6)
FN:98,(anonymous_7)
FN:131,(anonymous_8)
FN:140,User
FNF:10
FNH:8
FNDA:1,(anonymous_0)
FNDA:0,(anonymous_1)
FNDA:6,UserContent
FNDA:1,(anonymous_3)
FNDA:1,(anonymous_4)
FNDA:21,(anonymous_5)
FNDA:1,(anonymous_6)
FNDA:1,(anonymous_7)
FNDA:15,(anonymous_8)
FNDA:0,User
DA:12,1
DA:13,1
DA:18,0
DA:19,0
DA:20,0
DA:23,1
DA:24,0
DA:25,0
DA:26,0
DA:31,0
DA:38,6
DA:39,6
DA:40,6
DA:42,6
DA:43,1
DA:44,1
DA:45,1
DA:49,6
DA:50,1
DA:53,6
DA:88,21
DA:91,1
DA:92,1
DA:94,0
DA:99,1
DA:100,1
DA:102,0
DA:110,6
DA:111,6
DA:112,5
DA:113,5
DA:116,6
DA:118,6
DA:131,15
DA:141,0
LF:35
LH:25
BRDA:25,0,0,0
BRDA:25,0,1,0
BRDA:37,1,0,0
BRDA:37,2,0,0
BRDA:44,3,0,1
BRDA:44,3,1,0
BRDA:91,4,0,1
BRDA:91,4,1,0
BRDA:99,5,0,1
BRDA:99,5,1,0
BRDA:111,6,0,5
BRDA:111,6,1,1
BRDA:111,7,0,6
BRDA:111,7,1,6
BRDA:130,8,0,6
BRDA:130,8,1,1
BRF:16
BRH:9
end_of_record
TN:
SF:/home/gustaf/git/dbwebb-kurser/pattern/admin-app/src/view/admin/pages/userDetail.js
FN:8,UserDetailContent
FN:19,(anonymous_1)
FN:44,(anonymous_2)
FN:50,(anonymous_3)
FN:52,(anonymous_4)
FN:53,(anonymous_5)
FN:55,(anonymous_6)
FN:56,(anonymous_7)
FN:57,(anonymous_8)
FN:60,(anonymous_9)
FN:67,UserDetail
FNF:11
FNH:0
FNDA:0,UserDetailContent
FNDA:0,(anonymous_1)
FNDA:0,(anonymous_2)
FNDA:0,(anonymous_3)
FNDA:0,(anonymous_4)
FNDA:0,(anonymous_5)
FNDA:0,(anonymous_6)
FNDA:0,(anonymous_7)
FNDA:0,(anonymous_8)
FNDA:0,(anonymous_9)
FNDA:0,UserDetail
DA:9,0
DA:10,0
DA:11,0
DA:12,0
DA:13,0
DA:14,0
DA:15,0
DA:16,0
DA:17,0
DA:19,0
DA:20,0
DA:31,0
DA:34,0
DA:35,0
DA:44,0
DA:48,0
DA:50,0
DA:52,0
DA:53,0
DA:55,0
DA:56,0
DA:57,0
DA:60,0
DA:68,0
LF:24
LH:0
BRDA:34,0,0,0
BRDA:34,0,1,0
BRF:2
BRH:0
end_of_record
